[0m09:08:32.123520 [debug] [MainThread]: Sending event: {'category': 'dbt', 'action': 'invocation', 'label': 'start', 'context': [<snowplow_tracker.self_describing_json.SelfDescribingJson object at 0x10b0386e0>, <snowplow_tracker.self_describing_json.SelfDescribingJson object at 0x10b77e570>, <snowplow_tracker.self_describing_json.SelfDescribingJson object at 0x10b77e1b0>]}


============================== 09:08:32.128185 | 09e96100-6cd6-41da-81ce-1b0f66beaa87 ==============================
[0m09:08:32.128185 [info ] [MainThread]: Running with dbt=1.11.8
[0m09:08:32.128470 [debug] [MainThread]: running dbt with arguments {'profiles_dir': '/Users/jamming.armance/.dbt', 'static_parser': 'True', 'printer_width': '80', 'partial_parse': 'True', 'cache_selected_only': 'False', 'fail_fast': 'False', 'introspect': 'True', 'version_check': 'True', 'send_anonymous_usage_stats': 'True', 'log_format': 'default', 'empty': 'None', 'quiet': 'False', 'debug': 'False', 'target_path': 'None', 'warn_error_options': 'WarnErrorOptionsV2(error=[], warn=[], silence=[])', 'warn_error': 'None', 'write_json': 'True', 'use_colors': 'True', 'log_path': 'logs', 'invocation_command': 'dbt init combo_billing', 'log_cache_events': 'False', 'indirect_selection': 'eager', 'use_experimental_parser': 'False', 'no_print': 'None'}
[0m09:08:32.206316 [debug] [MainThread]: Starter project path: /Users/jamming.armance/Documents/combo/.venv/lib/python3.12/site-packages/dbt/include/starter_project
[0m09:08:32.217180 [info ] [MainThread]: 
Your new dbt project "combo_billing" was created!

For more information on how to configure the profiles.yml file,
please consult the dbt documentation here:

  https://docs.getdbt.com/docs/configure-your-profile

One more thing:

Need help? Don't hesitate to reach out to us via GitHub issues or on Slack:

  https://community.getdbt.com/

Happy modeling!

[0m09:08:32.217515 [info ] [MainThread]: Setting up your profile.
[0m09:09:50.757067 [info ] [MainThread]: Profile combo_billing written to /Users/jamming.armance/.dbt/profiles.yml using target's profile_template.yml and your supplied values. Run 'dbt debug' to validate the connection.
[0m09:09:50.782690 [debug] [MainThread]: Resource report: {"command_name": "init", "command_success": true, "command_wall_clock_time": 78.70258, "process_in_blocks": "0", "process_kernel_time": 0.529934, "process_mem_max_rss": "212303872", "process_out_blocks": "0", "process_user_time": 1.366662}
[0m09:09:50.783748 [debug] [MainThread]: Command `dbt init` succeeded at 09:09:50.783622 after 78.70 seconds
[0m09:09:50.784154 [debug] [MainThread]: Sending event: {'category': 'dbt', 'action': 'invocation', 'label': 'end', 'context': [<snowplow_tracker.self_describing_json.SelfDescribingJson object at 0x10b71aea0>, <snowplow_tracker.self_describing_json.SelfDescribingJson object at 0x1154edf40>, <snowplow_tracker.self_describing_json.SelfDescribingJson object at 0x1152c0a40>]}
[0m09:09:50.784550 [debug] [MainThread]: Flushing usage events
[0m09:09:51.191605 [debug] [MainThread]: An error was encountered while trying to flush usage events
[0m09:10:02.476419 [debug] [MainThread]: Sending event: {'category': 'dbt', 'action': 'invocation', 'label': 'start', 'context': [<snowplow_tracker.self_describing_json.SelfDescribingJson object at 0x10b77c770>, <snowplow_tracker.self_describing_json.SelfDescribingJson object at 0x10b7d2150>, <snowplow_tracker.self_describing_json.SelfDescribingJson object at 0x10b7d1e80>]}


============================== 09:10:02.482058 | 32150e45-e09f-43d2-8572-2881fe76b7ab ==============================
[0m09:10:02.482058 [info ] [MainThread]: Running with dbt=1.11.8
[0m09:10:02.482398 [debug] [MainThread]: running dbt with arguments {'send_anonymous_usage_stats': 'True', 'version_check': 'True', 'quiet': 'False', 'log_cache_events': 'False', 'use_colors': 'True', 'log_path': 'logs', 'warn_error_options': 'WarnErrorOptionsV2(error=[], warn=[], silence=[])', 'profiles_dir': '/Users/jamming.armance/.dbt', 'cache_selected_only': 'False', 'target_path': 'None', 'printer_width': '80', 'warn_error': 'None', 'fail_fast': 'False', 'invocation_command': 'dbt debug', 'partial_parse': 'True', 'no_print': 'None', 'indirect_selection': 'eager', 'log_format': 'default', 'static_parser': 'True', 'empty': 'None', 'debug': 'False', 'write_json': 'True', 'introspect': 'True', 'use_experimental_parser': 'False'}
[0m09:10:02.524055 [info ] [MainThread]: dbt version: 1.11.8
[0m09:10:02.524304 [info ] [MainThread]: python version: 3.12.11
[0m09:10:02.524451 [info ] [MainThread]: python path: /Users/jamming.armance/Documents/combo/.venv/bin/python3
[0m09:10:02.524587 [info ] [MainThread]: os info: macOS-26.4.1-arm64-arm-64bit
[0m09:10:04.318951 [info ] [MainThread]: Error importing adapter: No module named 'dbt.adapters.postgres'
[0m09:10:04.319324 [info ] [MainThread]: Using profiles dir at /Users/jamming.armance/.dbt
[0m09:10:04.319484 [info ] [MainThread]: Using profiles.yml file at /Users/jamming.armance/.dbt/profiles.yml
[0m09:10:04.319624 [info ] [MainThread]: Using dbt_project.yml file at /Users/jamming.armance/Documents/combo/dbt_project.yml
[0m09:10:04.319772 [info ] [MainThread]: Configuration:
[0m09:10:04.319903 [info ] [MainThread]:   profiles.yml file [[31mERROR invalid[0m]
[0m09:10:04.320028 [info ] [MainThread]:   dbt_project.yml file [[31mERROR not found[0m]
[0m09:10:04.320154 [info ] [MainThread]: Required dependencies:
[0m09:10:04.320405 [debug] [MainThread]: Executing "git --help"
[0m09:10:04.343342 [debug] [MainThread]: STDOUT: "b"usage : git [-v | --version] [-h | --help] [-C <chemin>] [-c <nom>=<valeur>]\n           [--exec-path[=<chemin>]] [--html-path] [--man-path] [--info-path]\n           [-p | --paginate | -P | --no-pager] [--no-replace-objects] [--no-lazy-fetch]\n           [--no-optional-locks] [--no-advice] [--bare] [--git-dir=<chemin>]\n           [--work-tree=<chemin>] [--namespace=<nom>] [--config-env=<nom>=<var-d-env>] \n           <commande> [<args>]\n\nCi-dessous les commandes Git habituelles dans diverses situations\xc2\xa0:\n\nd\xc3\xa9marrer une zone de travail (voir aussi\xc2\xa0: git help tutorial)\n   clone      Cloner un d\xc3\xa9p\xc3\xb4t dans un nouveau r\xc3\xa9pertoire\n   init       Cr\xc3\xa9er un d\xc3\xa9p\xc3\xb4t Git vide ou r\xc3\xa9initialiser un existant\n\ntravailler sur la modification actuelle (voir aussi\xc2\xa0: git help revisions)\n   add        Ajouter le contenu de fichiers dans l'index\n   mv         D\xc3\xa9placer ou renommer un fichier, un r\xc3\xa9pertoire, ou un lien symbolique\n   restore    Restaurer les fichiers l'arbre de travail\n   rm         Supprimer des fichiers de la copie de travail et de l'index\n\nexaminer l'historique et l'\xc3\xa9tat (voir aussi\xc2\xa0: git help revisions)\n   bisect     Trouver par recherche binaire la modification qui a introduit un bogue\n   diff       Afficher les changements entre les validations, entre validation et copie de travail, etc\n   grep       Afficher les lignes correspondant \xc3\xa0 un motif\n   log        Afficher l'historique des validations\n   show       Afficher diff\xc3\xa9rents types d'objets\n   status     Afficher l'\xc3\xa9tat de la copie de travail\n\nagrandir, marquer et modifier votre historique\n   backfill   T\xc3\xa9l\xc3\xa9charger les objets manquants dans un clone partiel\n   branch     Lister, cr\xc3\xa9er ou supprimer des branches\n   commit     Enregistrer les modifications dans le d\xc3\xa9p\xc3\xb4t\n   merge      Fusionner deux ou plusieurs historiques de d\xc3\xa9veloppement ensemble\n   rebase     R\xc3\xa9application des commits sur le sommet de l'autre base\n   reset      R\xc3\xa9initialiser la HEAD courante \xc3\xa0 l'\xc3\xa9tat sp\xc3\xa9cifi\xc3\xa9\n   switch     Basculer de branche\n   tag        Cr\xc3\xa9er, lister, supprimer ou v\xc3\xa9rifier un objet d'\xc3\xa9tiquette sign\xc3\xa9 avec GPG\n\ncollaborer (voir aussi\xc2\xa0: git help workflows)\n   fetch      T\xc3\xa9l\xc3\xa9charger les objets et r\xc3\xa9f\xc3\xa9rences depuis un autre d\xc3\xa9p\xc3\xb4t\n   pull       Rapatrier et int\xc3\xa9grer un autre d\xc3\xa9p\xc3\xb4t ou une branche locale\n   push       Mettre \xc3\xa0 jour les r\xc3\xa9f\xc3\xa9rences distantes ainsi que les objets associ\xc3\xa9s\n\n'git help -a' et 'git help -g' listent les sous-commandes disponibles et\nquelques concepts. Voir 'git help <commande>' ou 'git help <concept>'\npour en lire plus \xc3\xa0 propos d'une commande sp\xc3\xa9cifique ou d'un concept.\nVoir 'git help git' pour un survol du syst\xc3\xa8me.\n""
[0m09:10:04.343862 [debug] [MainThread]: STDERR: "b''"
[0m09:10:04.344038 [info ] [MainThread]:  - git [[32mOK found[0m]

[0m09:10:04.344208 [info ] [MainThread]: Connection test skipped since no profile was found
[0m09:10:04.344403 [info ] [MainThread]: [31m2 checks failed:[0m
[0m09:10:04.344532 [info ] [MainThread]: Could not load dbt_project.yml
Profile loading failed for the following reason:
Runtime Error
  Credentials in profile "recrutement_dbt", target "dev" invalid: Runtime Error
    Could not find adapter type postgres!


[0m09:10:04.344662 [info ] [MainThread]: Project loading failed for the following reason:
 project path </Users/jamming.armance/Documents/combo/dbt_project.yml> not found

[0m09:10:04.349566 [debug] [MainThread]: Resource report: {"command_name": "debug", "command_success": false, "command_wall_clock_time": 1.9170586, "process_in_blocks": "0", "process_kernel_time": 0.476527, "process_mem_max_rss": "213024768", "process_out_blocks": "0", "process_user_time": 1.520337}
[0m09:10:04.350093 [debug] [MainThread]: Command `dbt debug` failed at 09:10:04.350035 after 1.92 seconds
[0m09:10:04.350339 [debug] [MainThread]: Sending event: {'category': 'dbt', 'action': 'invocation', 'label': 'end', 'context': [<snowplow_tracker.self_describing_json.SelfDescribingJson object at 0x10b29fe30>, <snowplow_tracker.self_describing_json.SelfDescribingJson object at 0x113ef1e80>, <snowplow_tracker.self_describing_json.SelfDescribingJson object at 0x115629f40>]}
[0m09:10:04.350554 [debug] [MainThread]: Flushing usage events
[0m09:10:04.705827 [debug] [MainThread]: An error was encountered while trying to flush usage events
[0m09:11:26.723875 [debug] [MainThread]: Sending event: {'category': 'dbt', 'action': 'invocation', 'label': 'start', 'context': [<snowplow_tracker.self_describing_json.SelfDescribingJson object at 0x1098dfcb0>, <snowplow_tracker.self_describing_json.SelfDescribingJson object at 0x109f8a270>, <snowplow_tracker.self_describing_json.SelfDescribingJson object at 0x109f89f70>]}


============================== 09:11:26.728079 | 91b67331-1973-48c4-8de7-c5878c519d92 ==============================
[0m09:11:26.728079 [info ] [MainThread]: Running with dbt=1.11.8
[0m09:11:26.728372 [debug] [MainThread]: running dbt with arguments {'write_json': 'True', 'invocation_command': 'dbt debug', 'no_print': 'None', 'log_format': 'default', 'use_colors': 'True', 'target_path': 'None', 'version_check': 'True', 'printer_width': '80', 'partial_parse': 'True', 'warn_error': 'None', 'log_cache_events': 'False', 'use_experimental_parser': 'False', 'warn_error_options': 'WarnErrorOptionsV2(error=[], warn=[], silence=[])', 'debug': 'False', 'indirect_selection': 'eager', 'send_anonymous_usage_stats': 'True', 'introspect': 'True', 'profiles_dir': '/Users/jamming.armance/.dbt', 'log_path': 'logs', 'cache_selected_only': 'False', 'fail_fast': 'False', 'static_parser': 'True', 'quiet': 'False', 'empty': 'None'}
[0m09:11:26.764559 [info ] [MainThread]: dbt version: 1.11.8
[0m09:11:26.764795 [info ] [MainThread]: python version: 3.12.11
[0m09:11:26.764940 [info ] [MainThread]: python path: /Users/jamming.armance/Documents/combo/.venv/bin/python3
[0m09:11:26.765070 [info ] [MainThread]: os info: macOS-26.4.1-arm64-arm-64bit
[0m09:11:28.333048 [info ] [MainThread]: Using profiles dir at /Users/jamming.armance/.dbt
[0m09:11:28.333369 [info ] [MainThread]: Using profiles.yml file at /Users/jamming.armance/.dbt/profiles.yml
[0m09:11:28.333556 [info ] [MainThread]: Using dbt_project.yml file at /Users/jamming.armance/Documents/combo/dbt_project.yml
[0m09:11:28.333749 [error] [MainThread]: Encountered an error:
Internal Error
  Profile should not be None if loading profile completed
[0m09:11:28.339607 [debug] [MainThread]: Resource report: {"command_name": "debug", "command_success": false, "command_wall_clock_time": 1.6587409, "process_in_blocks": "0", "process_kernel_time": 0.429141, "process_mem_max_rss": "212631552", "process_out_blocks": "0", "process_user_time": 1.390663}
[0m09:11:28.340004 [debug] [MainThread]: Command `dbt debug` failed at 09:11:28.339946 after 1.66 seconds
[0m09:11:28.340192 [debug] [MainThread]: Sending event: {'category': 'dbt', 'action': 'invocation', 'label': 'end', 'context': [<snowplow_tracker.self_describing_json.SelfDescribingJson object at 0x10925f0b0>, <snowplow_tracker.self_describing_json.SelfDescribingJson object at 0x113de1a30>, <snowplow_tracker.self_describing_json.SelfDescribingJson object at 0x113db1f70>]}
[0m09:11:28.340386 [debug] [MainThread]: Flushing usage events
[0m09:11:28.751598 [debug] [MainThread]: An error was encountered while trying to flush usage events
[0m09:12:03.214812 [debug] [MainThread]: Sending event: {'category': 'dbt', 'action': 'invocation', 'label': 'start', 'context': [<snowplow_tracker.self_describing_json.SelfDescribingJson object at 0x109c7f470>, <snowplow_tracker.self_describing_json.SelfDescribingJson object at 0x10b99a1e0>, <snowplow_tracker.self_describing_json.SelfDescribingJson object at 0x10b999f10>]}


============================== 09:12:03.217307 | 815a6a2b-057c-4c43-9418-cb2713f0dc3a ==============================
[0m09:12:03.217307 [info ] [MainThread]: Running with dbt=1.11.8
[0m09:12:03.217586 [debug] [MainThread]: running dbt with arguments {'indirect_selection': 'eager', 'printer_width': '80', 'quiet': 'False', 'cache_selected_only': 'False', 'log_path': 'logs', 'warn_error_options': 'WarnErrorOptionsV2(error=[], warn=[], silence=[])', 'log_format': 'default', 'introspect': 'True', 'partial_parse': 'True', 'fail_fast': 'False', 'static_parser': 'True', 'no_print': 'None', 'warn_error': 'None', 'empty': 'None', 'target_path': 'None', 'version_check': 'True', 'debug': 'False', 'invocation_command': 'dbt debug', 'log_cache_events': 'False', 'use_experimental_parser': 'False', 'use_colors': 'True', 'send_anonymous_usage_stats': 'True', 'write_json': 'True', 'profiles_dir': '/Users/jamming.armance/.dbt'}
[0m09:12:03.224000 [info ] [MainThread]: dbt version: 1.11.8
[0m09:12:03.224170 [info ] [MainThread]: python version: 3.12.11
[0m09:12:03.224283 [info ] [MainThread]: python path: /Users/jamming.armance/Documents/combo/.venv/bin/python3
[0m09:12:03.224387 [info ] [MainThread]: os info: macOS-26.4.1-arm64-arm-64bit
[0m09:12:04.466888 [info ] [MainThread]: Using profiles dir at /Users/jamming.armance/.dbt
[0m09:12:04.467116 [info ] [MainThread]: Using profiles.yml file at /Users/jamming.armance/.dbt/profiles.yml
[0m09:12:04.467231 [info ] [MainThread]: Using dbt_project.yml file at /Users/jamming.armance/Documents/combo/dbt_project.yml
[0m09:12:04.467375 [error] [MainThread]: Encountered an error:
Internal Error
  Profile should not be None if loading profile completed
[0m09:12:04.474766 [debug] [MainThread]: Resource report: {"command_name": "debug", "command_success": false, "command_wall_clock_time": 1.304287, "process_in_blocks": "0", "process_kernel_time": 0.416884, "process_mem_max_rss": "212533248", "process_out_blocks": "0", "process_user_time": 1.333387}
[0m09:12:04.475005 [debug] [MainThread]: Command `dbt debug` failed at 09:12:04.474969 after 1.30 seconds
[0m09:12:04.475139 [debug] [MainThread]: Sending event: {'category': 'dbt', 'action': 'invocation', 'label': 'end', 'context': [<snowplow_tracker.self_describing_json.SelfDescribingJson object at 0x10b7fff20>, <snowplow_tracker.self_describing_json.SelfDescribingJson object at 0x11590b9e0>, <snowplow_tracker.self_describing_json.SelfDescribingJson object at 0x115935bb0>]}
[0m09:12:04.475279 [debug] [MainThread]: Flushing usage events
[0m09:12:04.857010 [debug] [MainThread]: An error was encountered while trying to flush usage events
